Submitted from uan05
Running on nid[001032-001033]
SLURM_MEM_PER_CPU=0
SLURM_NODEID=0
SLURM_TASK_PID=97418
SLURM_PRIO_PROCESS=0
SLURM_SUBMIT_DIR=/pfs/lustrep3/users/kurtlust/experiments-LUMI/Slurm
SLURM_CPUS_PER_TASK=8
SLURM_PROCID=0
SLURM_JOB_GID=10012026
SLURM_ACCOUNT=project_462000008
SLURMD_NODENAME=nid001032
SLURM_TASKS_PER_NODE=16(x2)
SLURM_JOB_RESERVATION=csc_proj_changes
SLURM_NNODES=2
SLURM_JOB_NODELIST=nid[001032-001033]
SLURM_CLUSTER_NAME=lumi
SLURM_NODELIST=nid[001032-001033]
SLURM_NTASKS=32
SLURM_JOB_CPUS_PER_NODE=128(x2)
SLURM_TOPOLOGY_ADDR=nid001032
SLURM_WORKING_CLUSTER=lumi:10.252.2.3:6817:8960:109
SLURM_JOB_NAME=hybrid-test
SLURM_JOBID=434057
SLURM_CONF=/etc/slurm/slurm.conf
SLURM_NODE_ALIASES=(null)
SLURM_JOB_QOS=normal
SLURM_TOPOLOGY_ADDR_PATTERN=node
SLURM_CPUS_ON_NODE=128
SLURM_JOB_NUM_NODES=2
SLURM_JOB_UID=10012026
SLURM_JOB_PARTITION=standard
SLURM_HINT=nomultithread
SLURM_JOB_USER=kurtlust
SLURM_NPROCS=32
SLURM_SUBMIT_HOST=uan05
SLURM_JOB_ACCOUNT=project_462000008
SLURM_GTIDS=0
SLURM_JOB_ID=434057
SLURM_LOCALID=0

Currently Loaded Modules:
  1) ModuleLabel/label                         (S)
  2) craype-accel-host
  3) cce/11.0.4
  4) craype/2.7.7
  5) craype-x86-rome
  6) libfabric/1.11.0.4.79
  7) craype-network-ofi
  8) perftools-base/21.05.0
  9) xpmem/2.2.40-7.0.1.0_3.1__g1d7a24d.shasta
 10) init-lumi/0.1                             (S)
 11) PrgEnv-cray/8.0.0
 12) CrayEnv                                   (S)
 13) cray-mpich/8.1.5

  Where:
   S:  Module is Sticky, requires --force to unload or purge
Running a total of 256 threads in 32 MPI ranks (maximum 8 threads per rank).
++ Output format:             (MPIrank,thread) of (#MPIprocs,#threads in rank) on cpu <cpu> of <host>
++ MPI rank/OpenMP thread num (      0,     0) of (       32,               8) on cpu     0 of nid001032
++ MPI rank/OpenMP thread num (      0,     1) of (       32,               8) on cpu     1 of nid001032
++ MPI rank/OpenMP thread num (      0,     2) of (       32,               8) on cpu     2 of nid001032
++ MPI rank/OpenMP thread num (      0,     3) of (       32,               8) on cpu     3 of nid001032
++ MPI rank/OpenMP thread num (      0,     4) of (       32,               8) on cpu     4 of nid001032
++ MPI rank/OpenMP thread num (      0,     5) of (       32,               8) on cpu     5 of nid001032
++ MPI rank/OpenMP thread num (      0,     6) of (       32,               8) on cpu     6 of nid001032
++ MPI rank/OpenMP thread num (      0,     7) of (       32,               8) on cpu     7 of nid001032
++ MPI rank/OpenMP thread num (      1,     0) of (       32,               8) on cpu     8 of nid001032
++ MPI rank/OpenMP thread num (      1,     1) of (       32,               8) on cpu     9 of nid001032
++ MPI rank/OpenMP thread num (      1,     2) of (       32,               8) on cpu    10 of nid001032
++ MPI rank/OpenMP thread num (      1,     3) of (       32,               8) on cpu    11 of nid001032
++ MPI rank/OpenMP thread num (      1,     4) of (       32,               8) on cpu    12 of nid001032
++ MPI rank/OpenMP thread num (      1,     5) of (       32,               8) on cpu    13 of nid001032
++ MPI rank/OpenMP thread num (      1,     6) of (       32,               8) on cpu    14 of nid001032
++ MPI rank/OpenMP thread num (      1,     7) of (       32,               8) on cpu    15 of nid001032
++ MPI rank/OpenMP thread num (      2,     0) of (       32,               8) on cpu    16 of nid001032
++ MPI rank/OpenMP thread num (      2,     1) of (       32,               8) on cpu    17 of nid001032
++ MPI rank/OpenMP thread num (      2,     2) of (       32,               8) on cpu    18 of nid001032
++ MPI rank/OpenMP thread num (      2,     3) of (       32,               8) on cpu    19 of nid001032
++ MPI rank/OpenMP thread num (      2,     4) of (       32,               8) on cpu    20 of nid001032
++ MPI rank/OpenMP thread num (      2,     5) of (       32,               8) on cpu    21 of nid001032
++ MPI rank/OpenMP thread num (      2,     6) of (       32,               8) on cpu    22 of nid001032
++ MPI rank/OpenMP thread num (      2,     7) of (       32,               8) on cpu    23 of nid001032
++ MPI rank/OpenMP thread num (      3,     0) of (       32,               8) on cpu    24 of nid001032
++ MPI rank/OpenMP thread num (      3,     1) of (       32,               8) on cpu    25 of nid001032
++ MPI rank/OpenMP thread num (      3,     2) of (       32,               8) on cpu    26 of nid001032
++ MPI rank/OpenMP thread num (      3,     3) of (       32,               8) on cpu    27 of nid001032
++ MPI rank/OpenMP thread num (      3,     4) of (       32,               8) on cpu    28 of nid001032
++ MPI rank/OpenMP thread num (      3,     5) of (       32,               8) on cpu    29 of nid001032
++ MPI rank/OpenMP thread num (      3,     6) of (       32,               8) on cpu    30 of nid001032
++ MPI rank/OpenMP thread num (      3,     7) of (       32,               8) on cpu    31 of nid001032
++ MPI rank/OpenMP thread num (      4,     0) of (       32,               8) on cpu    32 of nid001032
++ MPI rank/OpenMP thread num (      4,     1) of (       32,               8) on cpu    33 of nid001032
++ MPI rank/OpenMP thread num (      4,     2) of (       32,               8) on cpu    34 of nid001032
++ MPI rank/OpenMP thread num (      4,     3) of (       32,               8) on cpu    35 of nid001032
++ MPI rank/OpenMP thread num (      4,     4) of (       32,               8) on cpu    36 of nid001032
++ MPI rank/OpenMP thread num (      4,     5) of (       32,               8) on cpu    37 of nid001032
++ MPI rank/OpenMP thread num (      4,     6) of (       32,               8) on cpu    38 of nid001032
++ MPI rank/OpenMP thread num (      4,     7) of (       32,               8) on cpu    39 of nid001032
++ MPI rank/OpenMP thread num (      5,     0) of (       32,               8) on cpu    40 of nid001032
++ MPI rank/OpenMP thread num (      5,     1) of (       32,               8) on cpu    41 of nid001032
++ MPI rank/OpenMP thread num (      5,     2) of (       32,               8) on cpu    42 of nid001032
++ MPI rank/OpenMP thread num (      5,     3) of (       32,               8) on cpu    43 of nid001032
++ MPI rank/OpenMP thread num (      5,     4) of (       32,               8) on cpu    44 of nid001032
++ MPI rank/OpenMP thread num (      5,     5) of (       32,               8) on cpu    45 of nid001032
++ MPI rank/OpenMP thread num (      5,     6) of (       32,               8) on cpu    46 of nid001032
++ MPI rank/OpenMP thread num (      5,     7) of (       32,               8) on cpu    47 of nid001032
++ MPI rank/OpenMP thread num (      6,     0) of (       32,               8) on cpu    48 of nid001032
++ MPI rank/OpenMP thread num (      6,     1) of (       32,               8) on cpu    49 of nid001032
++ MPI rank/OpenMP thread num (      6,     2) of (       32,               8) on cpu    50 of nid001032
++ MPI rank/OpenMP thread num (      6,     3) of (       32,               8) on cpu    51 of nid001032
++ MPI rank/OpenMP thread num (      6,     4) of (       32,               8) on cpu    52 of nid001032
++ MPI rank/OpenMP thread num (      6,     5) of (       32,               8) on cpu    53 of nid001032
++ MPI rank/OpenMP thread num (      6,     6) of (       32,               8) on cpu    54 of nid001032
++ MPI rank/OpenMP thread num (      6,     7) of (       32,               8) on cpu    55 of nid001032
++ MPI rank/OpenMP thread num (      7,     0) of (       32,               8) on cpu    56 of nid001032
++ MPI rank/OpenMP thread num (      7,     1) of (       32,               8) on cpu    57 of nid001032
++ MPI rank/OpenMP thread num (      7,     2) of (       32,               8) on cpu    58 of nid001032
++ MPI rank/OpenMP thread num (      7,     3) of (       32,               8) on cpu    59 of nid001032
++ MPI rank/OpenMP thread num (      7,     4) of (       32,               8) on cpu    60 of nid001032
++ MPI rank/OpenMP thread num (      7,     5) of (       32,               8) on cpu    61 of nid001032
++ MPI rank/OpenMP thread num (      7,     6) of (       32,               8) on cpu    62 of nid001032
++ MPI rank/OpenMP thread num (      7,     7) of (       32,               8) on cpu    63 of nid001032
++ MPI rank/OpenMP thread num (      8,     0) of (       32,               8) on cpu    64 of nid001032
++ MPI rank/OpenMP thread num (      8,     1) of (       32,               8) on cpu    65 of nid001032
++ MPI rank/OpenMP thread num (      8,     2) of (       32,               8) on cpu    66 of nid001032
++ MPI rank/OpenMP thread num (      8,     3) of (       32,               8) on cpu    67 of nid001032
++ MPI rank/OpenMP thread num (      8,     4) of (       32,               8) on cpu    68 of nid001032
++ MPI rank/OpenMP thread num (      8,     5) of (       32,               8) on cpu    69 of nid001032
++ MPI rank/OpenMP thread num (      8,     6) of (       32,               8) on cpu    70 of nid001032
++ MPI rank/OpenMP thread num (      8,     7) of (       32,               8) on cpu    71 of nid001032
++ MPI rank/OpenMP thread num (      9,     0) of (       32,               8) on cpu    72 of nid001032
++ MPI rank/OpenMP thread num (      9,     1) of (       32,               8) on cpu    73 of nid001032
++ MPI rank/OpenMP thread num (      9,     2) of (       32,               8) on cpu    74 of nid001032
++ MPI rank/OpenMP thread num (      9,     3) of (       32,               8) on cpu    75 of nid001032
++ MPI rank/OpenMP thread num (      9,     4) of (       32,               8) on cpu    76 of nid001032
++ MPI rank/OpenMP thread num (      9,     5) of (       32,               8) on cpu    77 of nid001032
++ MPI rank/OpenMP thread num (      9,     6) of (       32,               8) on cpu    78 of nid001032
++ MPI rank/OpenMP thread num (      9,     7) of (       32,               8) on cpu    79 of nid001032
++ MPI rank/OpenMP thread num (     10,     0) of (       32,               8) on cpu    80 of nid001032
++ MPI rank/OpenMP thread num (     10,     1) of (       32,               8) on cpu    81 of nid001032
++ MPI rank/OpenMP thread num (     10,     2) of (       32,               8) on cpu    82 of nid001032
++ MPI rank/OpenMP thread num (     10,     3) of (       32,               8) on cpu    83 of nid001032
++ MPI rank/OpenMP thread num (     10,     4) of (       32,               8) on cpu    84 of nid001032
++ MPI rank/OpenMP thread num (     10,     5) of (       32,               8) on cpu    85 of nid001032
++ MPI rank/OpenMP thread num (     10,     6) of (       32,               8) on cpu    86 of nid001032
++ MPI rank/OpenMP thread num (     10,     7) of (       32,               8) on cpu    87 of nid001032
++ MPI rank/OpenMP thread num (     11,     0) of (       32,               8) on cpu    88 of nid001032
++ MPI rank/OpenMP thread num (     11,     1) of (       32,               8) on cpu    89 of nid001032
++ MPI rank/OpenMP thread num (     11,     2) of (       32,               8) on cpu    90 of nid001032
++ MPI rank/OpenMP thread num (     11,     3) of (       32,               8) on cpu    91 of nid001032
++ MPI rank/OpenMP thread num (     11,     4) of (       32,               8) on cpu    92 of nid001032
++ MPI rank/OpenMP thread num (     11,     5) of (       32,               8) on cpu    93 of nid001032
++ MPI rank/OpenMP thread num (     11,     6) of (       32,               8) on cpu    94 of nid001032
++ MPI rank/OpenMP thread num (     11,     7) of (       32,               8) on cpu    95 of nid001032
++ MPI rank/OpenMP thread num (     12,     0) of (       32,               8) on cpu    96 of nid001032
++ MPI rank/OpenMP thread num (     12,     1) of (       32,               8) on cpu    97 of nid001032
++ MPI rank/OpenMP thread num (     12,     2) of (       32,               8) on cpu    98 of nid001032
++ MPI rank/OpenMP thread num (     12,     3) of (       32,               8) on cpu    99 of nid001032
++ MPI rank/OpenMP thread num (     12,     4) of (       32,               8) on cpu   100 of nid001032
++ MPI rank/OpenMP thread num (     12,     5) of (       32,               8) on cpu   101 of nid001032
++ MPI rank/OpenMP thread num (     12,     6) of (       32,               8) on cpu   102 of nid001032
++ MPI rank/OpenMP thread num (     12,     7) of (       32,               8) on cpu   103 of nid001032
++ MPI rank/OpenMP thread num (     13,     0) of (       32,               8) on cpu   104 of nid001032
++ MPI rank/OpenMP thread num (     13,     1) of (       32,               8) on cpu   105 of nid001032
++ MPI rank/OpenMP thread num (     13,     2) of (       32,               8) on cpu   106 of nid001032
++ MPI rank/OpenMP thread num (     13,     3) of (       32,               8) on cpu   107 of nid001032
++ MPI rank/OpenMP thread num (     13,     4) of (       32,               8) on cpu   108 of nid001032
++ MPI rank/OpenMP thread num (     13,     5) of (       32,               8) on cpu   109 of nid001032
++ MPI rank/OpenMP thread num (     13,     6) of (       32,               8) on cpu   110 of nid001032
++ MPI rank/OpenMP thread num (     13,     7) of (       32,               8) on cpu   111 of nid001032
++ MPI rank/OpenMP thread num (     14,     0) of (       32,               8) on cpu   112 of nid001032
++ MPI rank/OpenMP thread num (     14,     1) of (       32,               8) on cpu   113 of nid001032
++ MPI rank/OpenMP thread num (     14,     2) of (       32,               8) on cpu   114 of nid001032
++ MPI rank/OpenMP thread num (     14,     3) of (       32,               8) on cpu   115 of nid001032
++ MPI rank/OpenMP thread num (     14,     4) of (       32,               8) on cpu   116 of nid001032
++ MPI rank/OpenMP thread num (     14,     5) of (       32,               8) on cpu   117 of nid001032
++ MPI rank/OpenMP thread num (     14,     6) of (       32,               8) on cpu   118 of nid001032
++ MPI rank/OpenMP thread num (     14,     7) of (       32,               8) on cpu   119 of nid001032
++ MPI rank/OpenMP thread num (     15,     0) of (       32,               8) on cpu   120 of nid001032
++ MPI rank/OpenMP thread num (     15,     1) of (       32,               8) on cpu   121 of nid001032
++ MPI rank/OpenMP thread num (     15,     2) of (       32,               8) on cpu   122 of nid001032
++ MPI rank/OpenMP thread num (     15,     3) of (       32,               8) on cpu   123 of nid001032
++ MPI rank/OpenMP thread num (     15,     4) of (       32,               8) on cpu   124 of nid001032
++ MPI rank/OpenMP thread num (     15,     5) of (       32,               8) on cpu   125 of nid001032
++ MPI rank/OpenMP thread num (     15,     6) of (       32,               8) on cpu   126 of nid001032
++ MPI rank/OpenMP thread num (     15,     7) of (       32,               8) on cpu   127 of nid001032
++ MPI rank/OpenMP thread num (     16,     0) of (       32,               8) on cpu     0 of nid001033
++ MPI rank/OpenMP thread num (     16,     1) of (       32,               8) on cpu     1 of nid001033
++ MPI rank/OpenMP thread num (     16,     2) of (       32,               8) on cpu     2 of nid001033
++ MPI rank/OpenMP thread num (     16,     3) of (       32,               8) on cpu     3 of nid001033
++ MPI rank/OpenMP thread num (     16,     4) of (       32,               8) on cpu     4 of nid001033
++ MPI rank/OpenMP thread num (     16,     5) of (       32,               8) on cpu     5 of nid001033
++ MPI rank/OpenMP thread num (     16,     6) of (       32,               8) on cpu     6 of nid001033
++ MPI rank/OpenMP thread num (     16,     7) of (       32,               8) on cpu     7 of nid001033
++ MPI rank/OpenMP thread num (     17,     0) of (       32,               8) on cpu     8 of nid001033
++ MPI rank/OpenMP thread num (     17,     1) of (       32,               8) on cpu     9 of nid001033
++ MPI rank/OpenMP thread num (     17,     2) of (       32,               8) on cpu    10 of nid001033
++ MPI rank/OpenMP thread num (     17,     3) of (       32,               8) on cpu    11 of nid001033
++ MPI rank/OpenMP thread num (     17,     4) of (       32,               8) on cpu    12 of nid001033
++ MPI rank/OpenMP thread num (     17,     5) of (       32,               8) on cpu    13 of nid001033
++ MPI rank/OpenMP thread num (     17,     6) of (       32,               8) on cpu    14 of nid001033
++ MPI rank/OpenMP thread num (     17,     7) of (       32,               8) on cpu    15 of nid001033
++ MPI rank/OpenMP thread num (     18,     0) of (       32,               8) on cpu    16 of nid001033
++ MPI rank/OpenMP thread num (     18,     1) of (       32,               8) on cpu    17 of nid001033
++ MPI rank/OpenMP thread num (     18,     2) of (       32,               8) on cpu    18 of nid001033
++ MPI rank/OpenMP thread num (     18,     3) of (       32,               8) on cpu    19 of nid001033
++ MPI rank/OpenMP thread num (     18,     4) of (       32,               8) on cpu    20 of nid001033
++ MPI rank/OpenMP thread num (     18,     5) of (       32,               8) on cpu    21 of nid001033
++ MPI rank/OpenMP thread num (     18,     6) of (       32,               8) on cpu    22 of nid001033
++ MPI rank/OpenMP thread num (     18,     7) of (       32,               8) on cpu    23 of nid001033
++ MPI rank/OpenMP thread num (     19,     0) of (       32,               8) on cpu    24 of nid001033
++ MPI rank/OpenMP thread num (     19,     1) of (       32,               8) on cpu    25 of nid001033
++ MPI rank/OpenMP thread num (     19,     2) of (       32,               8) on cpu    26 of nid001033
++ MPI rank/OpenMP thread num (     19,     3) of (       32,               8) on cpu    27 of nid001033
++ MPI rank/OpenMP thread num (     19,     4) of (       32,               8) on cpu    28 of nid001033
++ MPI rank/OpenMP thread num (     19,     5) of (       32,               8) on cpu    29 of nid001033
++ MPI rank/OpenMP thread num (     19,     6) of (       32,               8) on cpu    30 of nid001033
++ MPI rank/OpenMP thread num (     19,     7) of (       32,               8) on cpu    31 of nid001033
++ MPI rank/OpenMP thread num (     20,     0) of (       32,               8) on cpu    32 of nid001033
++ MPI rank/OpenMP thread num (     20,     1) of (       32,               8) on cpu    33 of nid001033
++ MPI rank/OpenMP thread num (     20,     2) of (       32,               8) on cpu    34 of nid001033
++ MPI rank/OpenMP thread num (     20,     3) of (       32,               8) on cpu    35 of nid001033
++ MPI rank/OpenMP thread num (     20,     4) of (       32,               8) on cpu    36 of nid001033
++ MPI rank/OpenMP thread num (     20,     5) of (       32,               8) on cpu    37 of nid001033
++ MPI rank/OpenMP thread num (     20,     6) of (       32,               8) on cpu    38 of nid001033
++ MPI rank/OpenMP thread num (     20,     7) of (       32,               8) on cpu    39 of nid001033
++ MPI rank/OpenMP thread num (     21,     0) of (       32,               8) on cpu    40 of nid001033
++ MPI rank/OpenMP thread num (     21,     1) of (       32,               8) on cpu    41 of nid001033
++ MPI rank/OpenMP thread num (     21,     2) of (       32,               8) on cpu    42 of nid001033
++ MPI rank/OpenMP thread num (     21,     3) of (       32,               8) on cpu    43 of nid001033
++ MPI rank/OpenMP thread num (     21,     4) of (       32,               8) on cpu    44 of nid001033
++ MPI rank/OpenMP thread num (     21,     5) of (       32,               8) on cpu    45 of nid001033
++ MPI rank/OpenMP thread num (     21,     6) of (       32,               8) on cpu    46 of nid001033
++ MPI rank/OpenMP thread num (     21,     7) of (       32,               8) on cpu    47 of nid001033
++ MPI rank/OpenMP thread num (     22,     0) of (       32,               8) on cpu    48 of nid001033
++ MPI rank/OpenMP thread num (     22,     1) of (       32,               8) on cpu    49 of nid001033
++ MPI rank/OpenMP thread num (     22,     2) of (       32,               8) on cpu    50 of nid001033
++ MPI rank/OpenMP thread num (     22,     3) of (       32,               8) on cpu    51 of nid001033
++ MPI rank/OpenMP thread num (     22,     4) of (       32,               8) on cpu    52 of nid001033
++ MPI rank/OpenMP thread num (     22,     5) of (       32,               8) on cpu    53 of nid001033
++ MPI rank/OpenMP thread num (     22,     6) of (       32,               8) on cpu    54 of nid001033
++ MPI rank/OpenMP thread num (     22,     7) of (       32,               8) on cpu    55 of nid001033
++ MPI rank/OpenMP thread num (     23,     0) of (       32,               8) on cpu    56 of nid001033
++ MPI rank/OpenMP thread num (     23,     1) of (       32,               8) on cpu    57 of nid001033
++ MPI rank/OpenMP thread num (     23,     2) of (       32,               8) on cpu    58 of nid001033
++ MPI rank/OpenMP thread num (     23,     3) of (       32,               8) on cpu    59 of nid001033
++ MPI rank/OpenMP thread num (     23,     4) of (       32,               8) on cpu    60 of nid001033
++ MPI rank/OpenMP thread num (     23,     5) of (       32,               8) on cpu    61 of nid001033
++ MPI rank/OpenMP thread num (     23,     6) of (       32,               8) on cpu    62 of nid001033
++ MPI rank/OpenMP thread num (     23,     7) of (       32,               8) on cpu    63 of nid001033
++ MPI rank/OpenMP thread num (     24,     0) of (       32,               8) on cpu    64 of nid001033
++ MPI rank/OpenMP thread num (     24,     1) of (       32,               8) on cpu    65 of nid001033
++ MPI rank/OpenMP thread num (     24,     2) of (       32,               8) on cpu    66 of nid001033
++ MPI rank/OpenMP thread num (     24,     3) of (       32,               8) on cpu    67 of nid001033
++ MPI rank/OpenMP thread num (     24,     4) of (       32,               8) on cpu    68 of nid001033
++ MPI rank/OpenMP thread num (     24,     5) of (       32,               8) on cpu    69 of nid001033
++ MPI rank/OpenMP thread num (     24,     6) of (       32,               8) on cpu    70 of nid001033
++ MPI rank/OpenMP thread num (     24,     7) of (       32,               8) on cpu    71 of nid001033
++ MPI rank/OpenMP thread num (     25,     0) of (       32,               8) on cpu    72 of nid001033
++ MPI rank/OpenMP thread num (     25,     1) of (       32,               8) on cpu    73 of nid001033
++ MPI rank/OpenMP thread num (     25,     2) of (       32,               8) on cpu    74 of nid001033
++ MPI rank/OpenMP thread num (     25,     3) of (       32,               8) on cpu    75 of nid001033
++ MPI rank/OpenMP thread num (     25,     4) of (       32,               8) on cpu    76 of nid001033
++ MPI rank/OpenMP thread num (     25,     5) of (       32,               8) on cpu    77 of nid001033
++ MPI rank/OpenMP thread num (     25,     6) of (       32,               8) on cpu    78 of nid001033
++ MPI rank/OpenMP thread num (     25,     7) of (       32,               8) on cpu    79 of nid001033
++ MPI rank/OpenMP thread num (     26,     0) of (       32,               8) on cpu    80 of nid001033
++ MPI rank/OpenMP thread num (     26,     1) of (       32,               8) on cpu    81 of nid001033
++ MPI rank/OpenMP thread num (     26,     2) of (       32,               8) on cpu    82 of nid001033
++ MPI rank/OpenMP thread num (     26,     3) of (       32,               8) on cpu    83 of nid001033
++ MPI rank/OpenMP thread num (     26,     4) of (       32,               8) on cpu    84 of nid001033
++ MPI rank/OpenMP thread num (     26,     5) of (       32,               8) on cpu    85 of nid001033
++ MPI rank/OpenMP thread num (     26,     6) of (       32,               8) on cpu    86 of nid001033
++ MPI rank/OpenMP thread num (     26,     7) of (       32,               8) on cpu    87 of nid001033
++ MPI rank/OpenMP thread num (     27,     0) of (       32,               8) on cpu    88 of nid001033
++ MPI rank/OpenMP thread num (     27,     1) of (       32,               8) on cpu    89 of nid001033
++ MPI rank/OpenMP thread num (     27,     2) of (       32,               8) on cpu    90 of nid001033
++ MPI rank/OpenMP thread num (     27,     3) of (       32,               8) on cpu    91 of nid001033
++ MPI rank/OpenMP thread num (     27,     4) of (       32,               8) on cpu    92 of nid001033
++ MPI rank/OpenMP thread num (     27,     5) of (       32,               8) on cpu    93 of nid001033
++ MPI rank/OpenMP thread num (     27,     6) of (       32,               8) on cpu    94 of nid001033
++ MPI rank/OpenMP thread num (     27,     7) of (       32,               8) on cpu    95 of nid001033
++ MPI rank/OpenMP thread num (     28,     0) of (       32,               8) on cpu    96 of nid001033
++ MPI rank/OpenMP thread num (     28,     1) of (       32,               8) on cpu    97 of nid001033
++ MPI rank/OpenMP thread num (     28,     2) of (       32,               8) on cpu    98 of nid001033
++ MPI rank/OpenMP thread num (     28,     3) of (       32,               8) on cpu    99 of nid001033
++ MPI rank/OpenMP thread num (     28,     4) of (       32,               8) on cpu   100 of nid001033
++ MPI rank/OpenMP thread num (     28,     5) of (       32,               8) on cpu   101 of nid001033
++ MPI rank/OpenMP thread num (     28,     6) of (       32,               8) on cpu   102 of nid001033
++ MPI rank/OpenMP thread num (     28,     7) of (       32,               8) on cpu   103 of nid001033
++ MPI rank/OpenMP thread num (     29,     0) of (       32,               8) on cpu   104 of nid001033
++ MPI rank/OpenMP thread num (     29,     1) of (       32,               8) on cpu   105 of nid001033
++ MPI rank/OpenMP thread num (     29,     2) of (       32,               8) on cpu   106 of nid001033
++ MPI rank/OpenMP thread num (     29,     3) of (       32,               8) on cpu   107 of nid001033
++ MPI rank/OpenMP thread num (     29,     4) of (       32,               8) on cpu   108 of nid001033
++ MPI rank/OpenMP thread num (     29,     5) of (       32,               8) on cpu   109 of nid001033
++ MPI rank/OpenMP thread num (     29,     6) of (       32,               8) on cpu   110 of nid001033
++ MPI rank/OpenMP thread num (     29,     7) of (       32,               8) on cpu   111 of nid001033
++ MPI rank/OpenMP thread num (     30,     0) of (       32,               8) on cpu   112 of nid001033
++ MPI rank/OpenMP thread num (     30,     1) of (       32,               8) on cpu   113 of nid001033
++ MPI rank/OpenMP thread num (     30,     2) of (       32,               8) on cpu   114 of nid001033
++ MPI rank/OpenMP thread num (     30,     3) of (       32,               8) on cpu   115 of nid001033
++ MPI rank/OpenMP thread num (     30,     4) of (       32,               8) on cpu   116 of nid001033
++ MPI rank/OpenMP thread num (     30,     5) of (       32,               8) on cpu   117 of nid001033
++ MPI rank/OpenMP thread num (     30,     6) of (       32,               8) on cpu   118 of nid001033
++ MPI rank/OpenMP thread num (     30,     7) of (       32,               8) on cpu   119 of nid001033
++ MPI rank/OpenMP thread num (     31,     0) of (       32,               8) on cpu   120 of nid001033
++ MPI rank/OpenMP thread num (     31,     1) of (       32,               8) on cpu   121 of nid001033
++ MPI rank/OpenMP thread num (     31,     2) of (       32,               8) on cpu   122 of nid001033
++ MPI rank/OpenMP thread num (     31,     3) of (       32,               8) on cpu   123 of nid001033
++ MPI rank/OpenMP thread num (     31,     4) of (       32,               8) on cpu   124 of nid001033
++ MPI rank/OpenMP thread num (     31,     5) of (       32,               8) on cpu   125 of nid001033
++ MPI rank/OpenMP thread num (     31,     6) of (       32,               8) on cpu   126 of nid001033
++ MPI rank/OpenMP thread num (     31,     7) of (       32,               8) on cpu   127 of nid001033
